[2024-06-25T22:45:46.079+0000] {local_task_job_runner.py:120} INFO - ::group::Pre task execution logs
[2024-06-25T22:45:46.100+0000] {taskinstance.py:2076} INFO - Dependencies all met for dep_context=non-requeueable deps ti=<TaskInstance: sp_budget_pipeline.ingestion-gdvDespesasExcel manual__2024-06-25T22:45:43.272644+00:00 [queued]>
[2024-06-25T22:45:46.107+0000] {taskinstance.py:2076} INFO - Dependencies all met for dep_context=requeueable deps ti=<TaskInstance: sp_budget_pipeline.ingestion-gdvDespesasExcel manual__2024-06-25T22:45:43.272644+00:00 [queued]>
[2024-06-25T22:45:46.107+0000] {taskinstance.py:2306} INFO - Starting attempt 1 of 2
[2024-06-25T22:45:46.143+0000] {taskinstance.py:2330} INFO - Executing <Task(DockerOperator): ingestion-gdvDespesasExcel> on 2024-06-25 22:45:43.272644+00:00
[2024-06-25T22:45:46.148+0000] {warnings.py:112} WARNING - /home/***/.local/lib/python3.12/site-packages/***/task/task_runner/standard_task_runner.py:61: DeprecationWarning: This process (pid=124) is multi-threaded, use of fork() may lead to deadlocks in the child.
  pid = os.fork()

[2024-06-25T22:45:46.149+0000] {standard_task_runner.py:63} INFO - Started process 126 to run task
[2024-06-25T22:45:46.149+0000] {standard_task_runner.py:90} INFO - Running: ['***', 'tasks', 'run', 'sp_budget_pipeline', 'ingestion-gdvDespesasExcel', 'manual__2024-06-25T22:45:43.272644+00:00', '--job-id', '20', '--raw', '--subdir', 'DAGS_FOLDER/sp_budget_pipeline.py', '--cfg-path', '/tmp/tmpjws69lop']
[2024-06-25T22:45:46.150+0000] {standard_task_runner.py:91} INFO - Job 20: Subtask ingestion-gdvDespesasExcel
[2024-06-25T22:45:46.221+0000] {task_command.py:426} INFO - Running <TaskInstance: sp_budget_pipeline.ingestion-gdvDespesasExcel manual__2024-06-25T22:45:43.272644+00:00 [running]> on host 257b93314acf
[2024-06-25T22:45:46.377+0000] {taskinstance.py:2648} INFO - Exporting env vars: AIRFLOW_CTX_DAG_EMAIL='***@***.com' AIRFLOW_CTX_DAG_OWNER='engenharia-dados' AIRFLOW_CTX_DAG_ID='sp_budget_pipeline' AIRFLOW_CTX_TASK_ID='ingestion-gdvDespesasExcel' AIRFLOW_CTX_EXECUTION_DATE='2024-06-25T22:45:43.272644+00:00' AIRFLOW_CTX_TRY_NUMBER='1' AIRFLOW_CTX_DAG_RUN_ID='manual__2024-06-25T22:45:43.272644+00:00'
[2024-06-25T22:45:46.378+0000] {taskinstance.py:430} INFO - ::endgroup::
[2024-06-25T22:45:46.415+0000] {docker.py:366} INFO - Starting docker container from image etl-engine:latest
[2024-06-25T22:45:46.419+0000] {docker.py:374} WARNING - Using remote engine or docker-in-docker and mounting temporary volume from host is not supported. Falling back to `mount_tmp_dir=False` mode. You can set `mount_tmp_dir` parameter to False to disable mounting and remove the warning
[2024-06-25T22:45:53.187+0000] {docker.py:436} INFO - 2024-06-25 22:45:53,186 [INFO] gdvDespesasExcel ingestion: Starting....
[2024-06-25T22:45:53.187+0000] {docker.py:436} INFO - 2024-06-25 22:45:53,186 [INFO] PROJECT_ID: homologation-310718 - CLIENT_EMAIL: datalake-hml@homologation-310718.iam.gserviceaccount.com
[2024-06-25T22:45:53.188+0000] {docker.py:436} INFO - 2024-06-25 22:45:53,188 [INFO] _read_schema
[2024-06-25T22:45:53.195+0000] {docker.py:436} INFO - 2024-06-25 22:45:53,195 [INFO] _enforce_schema
[2024-06-25T22:45:53.196+0000] {docker.py:436} INFO - 2024-06-25 22:45:53,195 [INFO] _read_schema
[2024-06-25T22:45:53.198+0000] {docker.py:436} INFO - 2024-06-25 22:45:53,198 [INFO] Running insert on table sp_budget.raw_gdvdespesasexcel.
[2024-06-25T22:45:58.149+0000] {docker.py:436} INFO - 2024-06-25 22:45:58,148 [INFO] Insert on table sp_budget.raw_gdvdespesasexcel finished!
[2024-06-25T22:45:58.151+0000] {docker.py:436} INFO - 2024-06-25 22:45:58,149 [INFO] gdvDespesasExcel ingestion: Done.
[2024-06-25T22:46:02.046+0000] {taskinstance.py:441} INFO - ::group::Post task execution logs
[2024-06-25T22:46:02.150+0000] {taskinstance.py:1206} INFO - Marking task as SUCCESS. dag_id=sp_budget_pipeline, task_id=ingestion-gdvDespesasExcel, run_id=manual__2024-06-25T22:45:43.272644+00:00, execution_date=20240625T224543, start_date=20240625T224546, end_date=20240625T224602
[2024-06-25T22:46:02.265+0000] {local_task_job_runner.py:240} INFO - Task exited with return code 0
[2024-06-25T22:46:02.273+0000] {local_task_job_runner.py:222} INFO - ::endgroup::
