[2024-06-25T23:16:55.670+0000] {local_task_job_runner.py:120} INFO - ::group::Pre task execution logs
[2024-06-25T23:16:55.698+0000] {taskinstance.py:2076} INFO - Dependencies all met for dep_context=non-requeueable deps ti=<TaskInstance: sp_budget_pipeline.app-sp_budget manual__2024-06-25T23:16:35.514746+00:00 [queued]>
[2024-06-25T23:16:55.709+0000] {taskinstance.py:2076} INFO - Dependencies all met for dep_context=requeueable deps ti=<TaskInstance: sp_budget_pipeline.app-sp_budget manual__2024-06-25T23:16:35.514746+00:00 [queued]>
[2024-06-25T23:16:55.709+0000] {taskinstance.py:2306} INFO - Starting attempt 1 of 2
[2024-06-25T23:16:55.752+0000] {taskinstance.py:2330} INFO - Executing <Task(DockerOperator): app-sp_budget> on 2024-06-25 23:16:35.514746+00:00
[2024-06-25T23:16:55.759+0000] {warnings.py:112} WARNING - /home/***/.local/lib/python3.12/site-packages/***/task/task_runner/standard_task_runner.py:61: DeprecationWarning: This process (pid=551) is multi-threaded, use of fork() may lead to deadlocks in the child.
  pid = os.fork()

[2024-06-25T23:16:55.760+0000] {standard_task_runner.py:63} INFO - Started process 552 to run task
[2024-06-25T23:16:55.760+0000] {standard_task_runner.py:90} INFO - Running: ['***', 'tasks', 'run', 'sp_budget_pipeline', 'app-sp_budget', 'manual__2024-06-25T23:16:35.514746+00:00', '--job-id', '32', '--raw', '--subdir', 'DAGS_FOLDER/sp_budget_pipeline.py', '--cfg-path', '/tmp/tmp14hwrxh3']
[2024-06-25T23:16:55.761+0000] {standard_task_runner.py:91} INFO - Job 32: Subtask app-sp_budget
[2024-06-25T23:16:55.844+0000] {task_command.py:426} INFO - Running <TaskInstance: sp_budget_pipeline.app-sp_budget manual__2024-06-25T23:16:35.514746+00:00 [running]> on host 257b93314acf
[2024-06-25T23:16:56.050+0000] {taskinstance.py:2648} INFO - Exporting env vars: AIRFLOW_CTX_DAG_EMAIL='***@***.com' AIRFLOW_CTX_DAG_OWNER='engenharia-dados' AIRFLOW_CTX_DAG_ID='sp_budget_pipeline' AIRFLOW_CTX_TASK_ID='app-sp_budget' AIRFLOW_CTX_EXECUTION_DATE='2024-06-25T23:16:35.514746+00:00' AIRFLOW_CTX_TRY_NUMBER='1' AIRFLOW_CTX_DAG_RUN_ID='manual__2024-06-25T23:16:35.514746+00:00'
[2024-06-25T23:16:56.051+0000] {taskinstance.py:430} INFO - ::endgroup::
[2024-06-25T23:16:56.088+0000] {docker.py:366} INFO - Starting docker container from image etl-engine:latest
[2024-06-25T23:16:56.095+0000] {docker.py:374} WARNING - Using remote engine or docker-in-docker and mounting temporary volume from host is not supported. Falling back to `mount_tmp_dir=False` mode. You can set `mount_tmp_dir` parameter to False to disable mounting and remove the warning
[2024-06-25T23:17:00.511+0000] {docker.py:436} INFO - 2024-06-25 23:17:00,510 [INFO] sp_budget app: Starting....
[2024-06-25T23:17:00.511+0000] {docker.py:436} INFO - 2024-06-25 23:17:00,510 [INFO] PROJECT_ID: homologation-310718 - CLIENT_EMAIL: datalake-hml@homologation-310718.iam.gserviceaccount.com
[2024-06-25T23:17:00.513+0000] {docker.py:436} INFO - 2024-06-25 23:17:00,512 [INFO] Reading data from table sp_budget.raw_gdvdespesasexcel.
[2024-06-25T23:17:02.573+0000] {docker.py:436} INFO - 2024-06-25 23:17:02,572 [INFO] Reading data from table sp_budget.raw_gdvreceitasexcel.
[2024-06-25T23:17:04.403+0000] {docker.py:436} INFO - 2024-06-25 23:17:04,403 [INFO] _enforce_schema
[2024-06-25T23:17:04.404+0000] {docker.py:436} INFO - 2024-06-25 23:17:04,403 [INFO] _read_schema
[2024-06-25T23:17:04.405+0000] {docker.py:436} INFO - 2024-06-25 23:17:04,404 [INFO] Running insert on table sp_budget.app_sp_budget.
[2024-06-25T23:17:08.975+0000] {docker.py:436} INFO - 2024-06-25 23:17:08,974 [INFO] Insert on table sp_budget.app_sp_budget finished!
[2024-06-25T23:17:08.977+0000] {docker.py:436} INFO - 2024-06-25 23:17:08,975 [INFO] sp_budget app: Done.
[2024-06-25T23:17:11.293+0000] {taskinstance.py:441} INFO - ::group::Post task execution logs
[2024-06-25T23:17:11.355+0000] {taskinstance.py:1206} INFO - Marking task as SUCCESS. dag_id=sp_budget_pipeline, task_id=app-sp_budget, run_id=manual__2024-06-25T23:16:35.514746+00:00, execution_date=20240625T231635, start_date=20240625T231655, end_date=20240625T231711
[2024-06-25T23:17:11.441+0000] {local_task_job_runner.py:240} INFO - Task exited with return code 0
[2024-06-25T23:17:11.493+0000] {taskinstance.py:3503} INFO - 0 downstream tasks scheduled from follow-on schedule check
[2024-06-25T23:17:11.528+0000] {local_task_job_runner.py:222} INFO - ::endgroup::
