[2024-06-25T22:16:53.195+0000] {local_task_job_runner.py:120} INFO - ::group::Pre task execution logs
[2024-06-25T22:16:53.250+0000] {taskinstance.py:2076} INFO - Dependencies all met for dep_context=non-requeueable deps ti=<TaskInstance: sp_budget_pipeline.ingestion-gdvReceitasExcel manual__2024-06-25T22:16:40.083885+00:00 [queued]>
[2024-06-25T22:16:53.261+0000] {taskinstance.py:2076} INFO - Dependencies all met for dep_context=requeueable deps ti=<TaskInstance: sp_budget_pipeline.ingestion-gdvReceitasExcel manual__2024-06-25T22:16:40.083885+00:00 [queued]>
[2024-06-25T22:16:53.262+0000] {taskinstance.py:2306} INFO - Starting attempt 1 of 2
[2024-06-25T22:16:53.361+0000] {taskinstance.py:2330} INFO - Executing <Task(DockerOperator): ingestion-gdvReceitasExcel> on 2024-06-25 22:16:40.083885+00:00
[2024-06-25T22:16:53.369+0000] {warnings.py:112} WARNING - /home/***/.local/lib/python3.12/site-packages/***/task/task_runner/standard_task_runner.py:61: DeprecationWarning: This process (pid=63) is multi-threaded, use of fork() may lead to deadlocks in the child.
  pid = os.fork()

[2024-06-25T22:16:53.372+0000] {standard_task_runner.py:63} INFO - Started process 66 to run task
[2024-06-25T22:16:53.373+0000] {standard_task_runner.py:90} INFO - Running: ['***', 'tasks', 'run', 'sp_budget_pipeline', 'ingestion-gdvReceitasExcel', 'manual__2024-06-25T22:16:40.083885+00:00', '--job-id', '11', '--raw', '--subdir', 'DAGS_FOLDER/sp_budget_pipeline.py', '--cfg-path', '/tmp/tmpck4_00db']
[2024-06-25T22:16:53.375+0000] {standard_task_runner.py:91} INFO - Job 11: Subtask ingestion-gdvReceitasExcel
[2024-06-25T22:16:53.456+0000] {task_command.py:426} INFO - Running <TaskInstance: sp_budget_pipeline.ingestion-gdvReceitasExcel manual__2024-06-25T22:16:40.083885+00:00 [running]> on host 29c2e845be00
[2024-06-25T22:16:53.777+0000] {taskinstance.py:2648} INFO - Exporting env vars: AIRFLOW_CTX_DAG_EMAIL='***@***.com' AIRFLOW_CTX_DAG_OWNER='engenharia-dados' AIRFLOW_CTX_DAG_ID='sp_budget_pipeline' AIRFLOW_CTX_TASK_ID='ingestion-gdvReceitasExcel' AIRFLOW_CTX_EXECUTION_DATE='2024-06-25T22:16:40.083885+00:00' AIRFLOW_CTX_TRY_NUMBER='1' AIRFLOW_CTX_DAG_RUN_ID='manual__2024-06-25T22:16:40.083885+00:00'
[2024-06-25T22:16:53.778+0000] {taskinstance.py:430} INFO - ::endgroup::
[2024-06-25T22:16:55.801+0000] {docker.py:366} INFO - Starting docker container from image etl-engine:latest
[2024-06-25T22:16:55.913+0000] {docker.py:374} WARNING - Using remote engine or docker-in-docker and mounting temporary volume from host is not supported. Falling back to `mount_tmp_dir=False` mode. You can set `mount_tmp_dir` parameter to False to disable mounting and remove the warning
[2024-06-25T22:17:53.858+0000] {docker.py:436} INFO - 2024-06-25 22:17:53,855 [INFO] gdvReceitasExcel ingestion: Starting....
[2024-06-25T22:17:53.931+0000] {docker.py:436} INFO - 2024-06-25 22:17:53,878 [INFO] PROJECT_ID: homologation-310718 - CLIENT_EMAIL: datalake-hml@homologation-310718.iam.gserviceaccount.com
[2024-06-25T22:17:53.932+0000] {docker.py:436} INFO - 2024-06-25 22:17:53,882 [INFO] _read_schema
[2024-06-25T22:17:54.326+0000] {docker.py:436} INFO - 2024-06-25 22:17:54,325 [INFO] _enforce_schema
2024-06-25 22:17:54,325 [INFO] _read_schema
[2024-06-25T22:17:54.680+0000] {docker.py:436} INFO - 2024-06-25 22:17:54,679 [INFO] Running insert on table sp_budget.raw_gdvreceitasexcel.
[2024-06-25T22:18:14.365+0000] {docker.py:436} INFO - 2024-06-25 22:18:14,364 [INFO] Insert on table sp_budget.raw_gdvreceitasexcel finished!
[2024-06-25T22:18:14.366+0000] {docker.py:436} INFO - 2024-06-25 22:18:14,365 [INFO] gdvReceitasExcel ingestion: Done.
[2024-06-25T22:18:40.992+0000] {taskinstance.py:441} INFO - ::group::Post task execution logs
[2024-06-25T22:18:41.441+0000] {taskinstance.py:1206} INFO - Marking task as SUCCESS. dag_id=sp_budget_pipeline, task_id=ingestion-gdvReceitasExcel, run_id=manual__2024-06-25T22:16:40.083885+00:00, execution_date=20240625T221640, start_date=20240625T221653, end_date=20240625T221841
[2024-06-25T22:18:41.662+0000] {local_task_job_runner.py:240} INFO - Task exited with return code 0
[2024-06-25T22:18:41.688+0000] {local_task_job_runner.py:222} INFO - ::endgroup::
