[2024-06-25T21:26:08.326+0000] {local_task_job_runner.py:120} INFO - ::group::Pre task execution logs
[2024-06-25T21:26:08.603+0000] {taskinstance.py:2076} INFO - Dependencies all met for dep_context=non-requeueable deps ti=<TaskInstance: sp_budget_pipeline.ingestion-gdvReceitasExcel manual__2024-06-25T21:26:03.924987+00:00 [queued]>
[2024-06-25T21:26:08.623+0000] {taskinstance.py:2076} INFO - Dependencies all met for dep_context=requeueable deps ti=<TaskInstance: sp_budget_pipeline.ingestion-gdvReceitasExcel manual__2024-06-25T21:26:03.924987+00:00 [queued]>
[2024-06-25T21:26:08.643+0000] {taskinstance.py:2306} INFO - Starting attempt 1 of 2
[2024-06-25T21:26:08.985+0000] {taskinstance.py:2330} INFO - Executing <Task(DockerOperator): ingestion-gdvReceitasExcel> on 2024-06-25 21:26:03.924987+00:00
[2024-06-25T21:26:09.004+0000] {standard_task_runner.py:90} INFO - Running: ['***', 'tasks', 'run', 'sp_budget_pipeline', 'ingestion-gdvReceitasExcel', 'manual__2024-06-25T21:26:03.924987+00:00', '--job-id', '7', '--raw', '--subdir', 'DAGS_FOLDER/sp_budget_pipeline.py', '--cfg-path', '/tmp/tmpo9eja7ln']
[2024-06-25T21:26:09.007+0000] {standard_task_runner.py:91} INFO - Job 7: Subtask ingestion-gdvReceitasExcel
[2024-06-25T21:26:09.344+0000] {warnings.py:112} WARNING - /home/***/.local/lib/python3.12/site-packages/***/task/task_runner/standard_task_runner.py:61: DeprecationWarning: This process (pid=1869) is multi-threaded, use of fork() may lead to deadlocks in the child.
  pid = os.fork()

[2024-06-25T21:26:09.347+0000] {standard_task_runner.py:63} INFO - Started process 1871 to run task
[2024-06-25T21:26:09.386+0000] {task_command.py:426} INFO - Running <TaskInstance: sp_budget_pipeline.ingestion-gdvReceitasExcel manual__2024-06-25T21:26:03.924987+00:00 [running]> on host 298ae34a2ca3
[2024-06-25T21:26:09.846+0000] {taskinstance.py:2648} INFO - Exporting env vars: AIRFLOW_CTX_DAG_EMAIL='***@***.com' AIRFLOW_CTX_DAG_OWNER='engenharia-dados' AIRFLOW_CTX_DAG_ID='sp_budget_pipeline' AIRFLOW_CTX_TASK_ID='ingestion-gdvReceitasExcel' AIRFLOW_CTX_EXECUTION_DATE='2024-06-25T21:26:03.924987+00:00' AIRFLOW_CTX_TRY_NUMBER='1' AIRFLOW_CTX_DAG_RUN_ID='manual__2024-06-25T21:26:03.924987+00:00'
[2024-06-25T21:26:09.847+0000] {taskinstance.py:430} INFO - ::endgroup::
[2024-06-25T21:26:10.886+0000] {docker.py:366} INFO - Starting docker container from image etl-engine:latest
[2024-06-25T21:26:10.961+0000] {docker.py:374} WARNING - Using remote engine or docker-in-docker and mounting temporary volume from host is not supported. Falling back to `mount_tmp_dir=False` mode. You can set `mount_tmp_dir` parameter to False to disable mounting and remove the warning
[2024-06-25T21:26:25.749+0000] {docker.py:436} INFO - 2024-06-25 21:26:25,748 [INFO] gdvReceitasExcel ingestion: Starting....
2024-06-25 21:26:25,748 [INFO] PROJECT_ID: homologation-310718 - CLIENT_EMAIL: datalake-hml@homologation-310718.iam.gserviceaccount.com
[2024-06-25T21:26:25.751+0000] {docker.py:436} INFO - 2024-06-25 21:26:25,751 [INFO] _read_schema
[2024-06-25T21:26:25.781+0000] {docker.py:436} INFO - 2024-06-25 21:26:25,780 [INFO] _enforce_schema
2024-06-25 21:26:25,781 [INFO] _read_schema
[2024-06-25T21:26:25.807+0000] {docker.py:436} INFO - 2024-06-25 21:26:25,806 [INFO] Running insert on table upload_manual.gdvreceitasexcel.
[2024-06-25T21:26:43.672+0000] {docker.py:436} INFO - 2024-06-25 21:26:43,671 [INFO] Insert on table upload_manual.gdvreceitasexcel finished!
[2024-06-25T21:26:43.674+0000] {docker.py:436} INFO - 2024-06-25 21:26:43,672 [INFO] gdvReceitasExcel ingestion: Done.
[2024-06-25T21:26:45.898+0000] {taskinstance.py:441} INFO - ::group::Post task execution logs
[2024-06-25T21:26:46.011+0000] {taskinstance.py:1206} INFO - Marking task as SUCCESS. dag_id=sp_budget_pipeline, task_id=ingestion-gdvReceitasExcel, run_id=manual__2024-06-25T21:26:03.924987+00:00, execution_date=20240625T212603, start_date=20240625T212608, end_date=20240625T212646
[2024-06-25T21:26:46.104+0000] {local_task_job_runner.py:240} INFO - Task exited with return code 0
[2024-06-25T21:26:46.124+0000] {taskinstance.py:3503} INFO - 0 downstream tasks scheduled from follow-on schedule check
[2024-06-25T21:26:46.171+0000] {local_task_job_runner.py:222} INFO - ::endgroup::
