[2024-06-25T22:53:18.467+0000] {local_task_job_runner.py:120} INFO - ::group::Pre task execution logs
[2024-06-25T22:53:18.500+0000] {taskinstance.py:2076} INFO - Dependencies all met for dep_context=non-requeueable deps ti=<TaskInstance: sp_budget_pipeline.ingestion-gdvDespesasExcel manual__2024-06-25T22:53:15.107678+00:00 [queued]>
[2024-06-25T22:53:18.508+0000] {taskinstance.py:2076} INFO - Dependencies all met for dep_context=requeueable deps ti=<TaskInstance: sp_budget_pipeline.ingestion-gdvDespesasExcel manual__2024-06-25T22:53:15.107678+00:00 [queued]>
[2024-06-25T22:53:18.508+0000] {taskinstance.py:2306} INFO - Starting attempt 1 of 2
[2024-06-25T22:53:18.551+0000] {taskinstance.py:2330} INFO - Executing <Task(DockerOperator): ingestion-gdvDespesasExcel> on 2024-06-25 22:53:15.107678+00:00
[2024-06-25T22:53:18.559+0000] {standard_task_runner.py:90} INFO - Running: ['***', 'tasks', 'run', 'sp_budget_pipeline', 'ingestion-gdvDespesasExcel', 'manual__2024-06-25T22:53:15.107678+00:00', '--job-id', '24', '--raw', '--subdir', 'DAGS_FOLDER/sp_budget_pipeline.py', '--cfg-path', '/tmp/tmpvebdewji']
[2024-06-25T22:53:18.560+0000] {standard_task_runner.py:91} INFO - Job 24: Subtask ingestion-gdvDespesasExcel
[2024-06-25T22:53:18.570+0000] {warnings.py:112} WARNING - /home/***/.local/lib/python3.12/site-packages/***/task/task_runner/standard_task_runner.py:61: DeprecationWarning: This process (pid=221) is multi-threaded, use of fork() may lead to deadlocks in the child.
  pid = os.fork()

[2024-06-25T22:53:18.571+0000] {standard_task_runner.py:63} INFO - Started process 223 to run task
[2024-06-25T22:53:18.654+0000] {task_command.py:426} INFO - Running <TaskInstance: sp_budget_pipeline.ingestion-gdvDespesasExcel manual__2024-06-25T22:53:15.107678+00:00 [running]> on host 257b93314acf
[2024-06-25T22:53:19.037+0000] {taskinstance.py:2648} INFO - Exporting env vars: AIRFLOW_CTX_DAG_EMAIL='***@***.com' AIRFLOW_CTX_DAG_OWNER='engenharia-dados' AIRFLOW_CTX_DAG_ID='sp_budget_pipeline' AIRFLOW_CTX_TASK_ID='ingestion-gdvDespesasExcel' AIRFLOW_CTX_EXECUTION_DATE='2024-06-25T22:53:15.107678+00:00' AIRFLOW_CTX_TRY_NUMBER='1' AIRFLOW_CTX_DAG_RUN_ID='manual__2024-06-25T22:53:15.107678+00:00'
[2024-06-25T22:53:19.039+0000] {taskinstance.py:430} INFO - ::endgroup::
[2024-06-25T22:53:19.074+0000] {docker.py:366} INFO - Starting docker container from image etl-engine:latest
[2024-06-25T22:53:19.077+0000] {docker.py:374} WARNING - Using remote engine or docker-in-docker and mounting temporary volume from host is not supported. Falling back to `mount_tmp_dir=False` mode. You can set `mount_tmp_dir` parameter to False to disable mounting and remove the warning
[2024-06-25T22:53:28.169+0000] {docker.py:436} INFO - 2024-06-25 22:53:28,169 [INFO] gdvDespesasExcel ingestion: Starting....
[2024-06-25T22:53:28.170+0000] {docker.py:436} INFO - 2024-06-25 22:53:28,169 [INFO] PROJECT_ID: homologation-310718 - CLIENT_EMAIL: datalake-hml@homologation-310718.iam.gserviceaccount.com
[2024-06-25T22:53:28.171+0000] {docker.py:436} INFO - 2024-06-25 22:53:28,171 [INFO] _read_schema
[2024-06-25T22:53:28.201+0000] {docker.py:436} INFO - 2024-06-25 22:53:28,201 [INFO] _enforce_schema
2024-06-25 22:53:28,201 [INFO] _read_schema
[2024-06-25T22:53:28.214+0000] {docker.py:436} INFO - 2024-06-25 22:53:28,214 [INFO] Running insert on table sp_budget.raw_gdvdespesasexcel.
[2024-06-25T22:53:32.496+0000] {docker.py:436} INFO - 2024-06-25 22:53:32,495 [INFO] Insert on table sp_budget.raw_gdvdespesasexcel finished!
[2024-06-25T22:53:32.497+0000] {docker.py:436} INFO - 2024-06-25 22:53:32,496 [INFO] gdvDespesasExcel ingestion: Done.
[2024-06-25T22:53:36.670+0000] {taskinstance.py:441} INFO - ::group::Post task execution logs
[2024-06-25T22:53:36.740+0000] {taskinstance.py:1206} INFO - Marking task as SUCCESS. dag_id=sp_budget_pipeline, task_id=ingestion-gdvDespesasExcel, run_id=manual__2024-06-25T22:53:15.107678+00:00, execution_date=20240625T225315, start_date=20240625T225318, end_date=20240625T225336
[2024-06-25T22:53:36.812+0000] {local_task_job_runner.py:240} INFO - Task exited with return code 0
[2024-06-25T22:53:36.824+0000] {local_task_job_runner.py:222} INFO - ::endgroup::
