[2024-06-25T19:06:46.793+0000] {local_task_job_runner.py:120} INFO - ::group::Pre task execution logs
[2024-06-25T19:06:46.835+0000] {taskinstance.py:2076} INFO - Dependencies all met for dep_context=non-requeueable deps ti=<TaskInstance: sp_budget_pipeline.ingestion-gdvReceitasExcel manual__2024-06-25T19:06:43.005940+00:00 [queued]>
[2024-06-25T19:06:46.850+0000] {taskinstance.py:2076} INFO - Dependencies all met for dep_context=requeueable deps ti=<TaskInstance: sp_budget_pipeline.ingestion-gdvReceitasExcel manual__2024-06-25T19:06:43.005940+00:00 [queued]>
[2024-06-25T19:06:46.850+0000] {taskinstance.py:2306} INFO - Starting attempt 1 of 2
[2024-06-25T19:06:46.926+0000] {taskinstance.py:2330} INFO - Executing <Task(DockerOperator): ingestion-gdvReceitasExcel> on 2024-06-25 19:06:43.005940+00:00
[2024-06-25T19:06:46.945+0000] {warnings.py:112} WARNING - /home/***/.local/lib/python3.12/site-packages/***/task/task_runner/standard_task_runner.py:61: DeprecationWarning: This process (pid=70) is multi-threaded, use of fork() may lead to deadlocks in the child.
  pid = os.fork()

[2024-06-25T19:06:46.948+0000] {standard_task_runner.py:63} INFO - Started process 71 to run task
[2024-06-25T19:06:46.950+0000] {standard_task_runner.py:90} INFO - Running: ['***', 'tasks', 'run', 'sp_budget_pipeline', 'ingestion-gdvReceitasExcel', 'manual__2024-06-25T19:06:43.005940+00:00', '--job-id', '4', '--raw', '--subdir', 'DAGS_FOLDER/sp_budget_pipeline.py', '--cfg-path', '/tmp/tmpzueystx1']
[2024-06-25T19:06:46.954+0000] {standard_task_runner.py:91} INFO - Job 4: Subtask ingestion-gdvReceitasExcel
[2024-06-25T19:06:47.198+0000] {task_command.py:426} INFO - Running <TaskInstance: sp_budget_pipeline.ingestion-gdvReceitasExcel manual__2024-06-25T19:06:43.005940+00:00 [running]> on host 298ae34a2ca3
[2024-06-25T19:06:47.460+0000] {taskinstance.py:2648} INFO - Exporting env vars: AIRFLOW_CTX_DAG_EMAIL='***@***.com' AIRFLOW_CTX_DAG_OWNER='engenharia-dados' AIRFLOW_CTX_DAG_ID='sp_budget_pipeline' AIRFLOW_CTX_TASK_ID='ingestion-gdvReceitasExcel' AIRFLOW_CTX_EXECUTION_DATE='2024-06-25T19:06:43.005940+00:00' AIRFLOW_CTX_TRY_NUMBER='1' AIRFLOW_CTX_DAG_RUN_ID='manual__2024-06-25T19:06:43.005940+00:00'
[2024-06-25T19:06:47.461+0000] {taskinstance.py:430} INFO - ::endgroup::
[2024-06-25T19:06:48.246+0000] {docker.py:366} INFO - Starting docker container from image etl-engine:latest
[2024-06-25T19:06:48.256+0000] {docker.py:374} WARNING - Using remote engine or docker-in-docker and mounting temporary volume from host is not supported. Falling back to `mount_tmp_dir=False` mode. You can set `mount_tmp_dir` parameter to False to disable mounting and remove the warning
[2024-06-25T19:07:00.745+0000] {docker.py:436} INFO - 2024-06-25 19:07:00,744 [INFO] gdvReceitasExcel ingestion: Starting....
[2024-06-25T19:07:00.746+0000] {docker.py:436} INFO - 2024-06-25 19:07:00,745 [INFO] PROJECT_ID: homologation-310718 - CLIENT_EMAIL: datalake-hml@homologation-310718.iam.gserviceaccount.com
[2024-06-25T19:07:00.748+0000] {docker.py:436} INFO - 2024-06-25 19:07:00,747 [INFO] _read_schema
[2024-06-25T19:07:00.789+0000] {docker.py:436} INFO - 2024-06-25 19:07:00,787 [INFO] _enforce_schema
[2024-06-25T19:07:00.790+0000] {docker.py:436} INFO - 2024-06-25 19:07:00,788 [INFO] _read_schema
[2024-06-25T19:07:00.797+0000] {docker.py:436} INFO - 2024-06-25 19:07:00,796 [INFO] BIGQUERY: Inicio inserção na tabela upload_manual.gdvreceitasexcel.
[2024-06-25T19:07:05.186+0000] {docker.py:436} INFO - 2024-06-25 19:07:05,186 [INFO] BIGQUERY: Inserção na tabela upload_manual.gdvreceitasexcel concluída!
[2024-06-25T19:07:05.186+0000] {docker.py:436} INFO - 2024-06-25 19:07:05,186 [INFO] gdvReceitasExcel ingestion: Done.
[2024-06-25T19:07:10.138+0000] {taskinstance.py:441} INFO - ::group::Post task execution logs
[2024-06-25T19:07:10.229+0000] {taskinstance.py:1206} INFO - Marking task as SUCCESS. dag_id=sp_budget_pipeline, task_id=ingestion-gdvReceitasExcel, run_id=manual__2024-06-25T19:06:43.005940+00:00, execution_date=20240625T190643, start_date=20240625T190646, end_date=20240625T190710
[2024-06-25T19:07:10.303+0000] {local_task_job_runner.py:240} INFO - Task exited with return code 0
[2024-06-25T19:07:10.333+0000] {taskinstance.py:3503} INFO - 0 downstream tasks scheduled from follow-on schedule check
[2024-06-25T19:07:10.408+0000] {local_task_job_runner.py:222} INFO - ::endgroup::
