[2024-06-25T22:59:46.906+0000] {local_task_job_runner.py:120} INFO - ::group::Pre task execution logs
[2024-06-25T22:59:46.933+0000] {taskinstance.py:2076} INFO - Dependencies all met for dep_context=non-requeueable deps ti=<TaskInstance: sp_budget_pipeline.ingestion-gdvDespesasExcel manual__2024-06-25T22:59:44.922542+00:00 [queued]>
[2024-06-25T22:59:46.942+0000] {taskinstance.py:2076} INFO - Dependencies all met for dep_context=requeueable deps ti=<TaskInstance: sp_budget_pipeline.ingestion-gdvDespesasExcel manual__2024-06-25T22:59:44.922542+00:00 [queued]>
[2024-06-25T22:59:46.943+0000] {taskinstance.py:2306} INFO - Starting attempt 1 of 2
[2024-06-25T22:59:46.989+0000] {taskinstance.py:2330} INFO - Executing <Task(DockerOperator): ingestion-gdvDespesasExcel> on 2024-06-25 22:59:44.922542+00:00
[2024-06-25T22:59:46.996+0000] {warnings.py:112} WARNING - /home/***/.local/lib/python3.12/site-packages/***/task/task_runner/standard_task_runner.py:61: DeprecationWarning: This process (pid=313) is multi-threaded, use of fork() may lead to deadlocks in the child.
  pid = os.fork()

[2024-06-25T22:59:46.997+0000] {standard_task_runner.py:63} INFO - Started process 316 to run task
[2024-06-25T22:59:46.998+0000] {standard_task_runner.py:90} INFO - Running: ['***', 'tasks', 'run', 'sp_budget_pipeline', 'ingestion-gdvDespesasExcel', 'manual__2024-06-25T22:59:44.922542+00:00', '--job-id', '28', '--raw', '--subdir', 'DAGS_FOLDER/sp_budget_pipeline.py', '--cfg-path', '/tmp/tmpo1smu3pf']
[2024-06-25T22:59:46.999+0000] {standard_task_runner.py:91} INFO - Job 28: Subtask ingestion-gdvDespesasExcel
[2024-06-25T22:59:47.075+0000] {task_command.py:426} INFO - Running <TaskInstance: sp_budget_pipeline.ingestion-gdvDespesasExcel manual__2024-06-25T22:59:44.922542+00:00 [running]> on host 257b93314acf
[2024-06-25T22:59:47.235+0000] {taskinstance.py:2648} INFO - Exporting env vars: AIRFLOW_CTX_DAG_EMAIL='***@***.com' AIRFLOW_CTX_DAG_OWNER='engenharia-dados' AIRFLOW_CTX_DAG_ID='sp_budget_pipeline' AIRFLOW_CTX_TASK_ID='ingestion-gdvDespesasExcel' AIRFLOW_CTX_EXECUTION_DATE='2024-06-25T22:59:44.922542+00:00' AIRFLOW_CTX_TRY_NUMBER='1' AIRFLOW_CTX_DAG_RUN_ID='manual__2024-06-25T22:59:44.922542+00:00'
[2024-06-25T22:59:47.236+0000] {taskinstance.py:430} INFO - ::endgroup::
[2024-06-25T22:59:47.374+0000] {docker.py:366} INFO - Starting docker container from image etl-engine:latest
[2024-06-25T22:59:47.385+0000] {docker.py:374} WARNING - Using remote engine or docker-in-docker and mounting temporary volume from host is not supported. Falling back to `mount_tmp_dir=False` mode. You can set `mount_tmp_dir` parameter to False to disable mounting and remove the warning
[2024-06-25T22:59:54.096+0000] {docker.py:436} INFO - 2024-06-25 22:59:54,095 [INFO] gdvDespesasExcel ingestion: Starting....
[2024-06-25T22:59:54.096+0000] {docker.py:436} INFO - 2024-06-25 22:59:54,096 [INFO] PROJECT_ID: homologation-310718 - CLIENT_EMAIL: datalake-hml@homologation-310718.iam.gserviceaccount.com
[2024-06-25T22:59:54.098+0000] {docker.py:436} INFO - 2024-06-25 22:59:54,097 [INFO] _read_schema
[2024-06-25T22:59:54.209+0000] {docker.py:436} INFO - 2024-06-25 22:59:54,209 [INFO] _enforce_schema
[2024-06-25T22:59:54.210+0000] {docker.py:436} INFO - 2024-06-25 22:59:54,209 [INFO] _read_schema
[2024-06-25T22:59:54.214+0000] {docker.py:436} INFO - 2024-06-25 22:59:54,213 [INFO] Running insert on table sp_budget.raw_gdvdespesasexcel.
[2024-06-25T22:59:58.372+0000] {docker.py:436} INFO - 2024-06-25 22:59:58,371 [INFO] Insert on table sp_budget.raw_gdvdespesasexcel finished!
[2024-06-25T22:59:58.373+0000] {docker.py:436} INFO - 2024-06-25 22:59:58,372 [INFO] gdvDespesasExcel ingestion: Done.
[2024-06-25T23:00:02.498+0000] {taskinstance.py:441} INFO - ::group::Post task execution logs
[2024-06-25T23:00:02.551+0000] {taskinstance.py:1206} INFO - Marking task as SUCCESS. dag_id=sp_budget_pipeline, task_id=ingestion-gdvDespesasExcel, run_id=manual__2024-06-25T22:59:44.922542+00:00, execution_date=20240625T225944, start_date=20240625T225946, end_date=20240625T230002
[2024-06-25T23:00:02.622+0000] {local_task_job_runner.py:240} INFO - Task exited with return code 0
[2024-06-25T23:00:02.630+0000] {local_task_job_runner.py:222} INFO - ::endgroup::
