[2024-06-25T19:06:46.793+0000] {local_task_job_runner.py:120} INFO - ::group::Pre task execution logs
[2024-06-25T19:06:46.835+0000] {taskinstance.py:2076} INFO - Dependencies all met for dep_context=non-requeueable deps ti=<TaskInstance: sp_budget_pipeline.ingestion-gdvDespesasExcel manual__2024-06-25T19:06:43.005940+00:00 [queued]>
[2024-06-25T19:06:46.850+0000] {taskinstance.py:2076} INFO - Dependencies all met for dep_context=requeueable deps ti=<TaskInstance: sp_budget_pipeline.ingestion-gdvDespesasExcel manual__2024-06-25T19:06:43.005940+00:00 [queued]>
[2024-06-25T19:06:46.850+0000] {taskinstance.py:2306} INFO - Starting attempt 1 of 2
[2024-06-25T19:06:46.926+0000] {taskinstance.py:2330} INFO - Executing <Task(DockerOperator): ingestion-gdvDespesasExcel> on 2024-06-25 19:06:43.005940+00:00
[2024-06-25T19:06:46.945+0000] {warnings.py:112} WARNING - /home/***/.local/lib/python3.12/site-packages/***/task/task_runner/standard_task_runner.py:61: DeprecationWarning: This process (pid=69) is multi-threaded, use of fork() may lead to deadlocks in the child.
  pid = os.fork()

[2024-06-25T19:06:46.949+0000] {standard_task_runner.py:63} INFO - Started process 72 to run task
[2024-06-25T19:06:46.952+0000] {standard_task_runner.py:90} INFO - Running: ['***', 'tasks', 'run', 'sp_budget_pipeline', 'ingestion-gdvDespesasExcel', 'manual__2024-06-25T19:06:43.005940+00:00', '--job-id', '3', '--raw', '--subdir', 'DAGS_FOLDER/sp_budget_pipeline.py', '--cfg-path', '/tmp/tmpini01mkl']
[2024-06-25T19:06:46.956+0000] {standard_task_runner.py:91} INFO - Job 3: Subtask ingestion-gdvDespesasExcel
[2024-06-25T19:06:47.269+0000] {task_command.py:426} INFO - Running <TaskInstance: sp_budget_pipeline.ingestion-gdvDespesasExcel manual__2024-06-25T19:06:43.005940+00:00 [running]> on host 298ae34a2ca3
[2024-06-25T19:06:47.484+0000] {taskinstance.py:2648} INFO - Exporting env vars: AIRFLOW_CTX_DAG_EMAIL='***@***.com' AIRFLOW_CTX_DAG_OWNER='engenharia-dados' AIRFLOW_CTX_DAG_ID='sp_budget_pipeline' AIRFLOW_CTX_TASK_ID='ingestion-gdvDespesasExcel' AIRFLOW_CTX_EXECUTION_DATE='2024-06-25T19:06:43.005940+00:00' AIRFLOW_CTX_TRY_NUMBER='1' AIRFLOW_CTX_DAG_RUN_ID='manual__2024-06-25T19:06:43.005940+00:00'
[2024-06-25T19:06:47.485+0000] {taskinstance.py:430} INFO - ::endgroup::
[2024-06-25T19:06:48.261+0000] {docker.py:366} INFO - Starting docker container from image etl-engine:latest
[2024-06-25T19:06:48.271+0000] {docker.py:374} WARNING - Using remote engine or docker-in-docker and mounting temporary volume from host is not supported. Falling back to `mount_tmp_dir=False` mode. You can set `mount_tmp_dir` parameter to False to disable mounting and remove the warning
[2024-06-25T19:07:00.745+0000] {docker.py:436} INFO - 2024-06-25 19:07:00,744 [INFO] gdvDespesasExcel ingestion: Starting....
[2024-06-25T19:07:00.746+0000] {docker.py:436} INFO - 2024-06-25 19:07:00,745 [INFO] PROJECT_ID: homologation-310718 - CLIENT_EMAIL: datalake-hml@homologation-310718.iam.gserviceaccount.com
[2024-06-25T19:07:00.747+0000] {docker.py:436} INFO - 2024-06-25 19:07:00,747 [INFO] _read_schema
[2024-06-25T19:07:00.810+0000] {docker.py:436} INFO - 2024-06-25 19:07:00,810 [INFO] _enforce_schema
2024-06-25 19:07:00,810 [INFO] _read_schema
[2024-06-25T19:07:00.815+0000] {docker.py:436} INFO - 2024-06-25 19:07:00,814 [INFO] BIGQUERY: Inicio inserção na tabela upload_manual.gdvdespesasexcel.
[2024-06-25T19:07:06.030+0000] {docker.py:436} INFO - 2024-06-25 19:07:06,030 [INFO] BIGQUERY: Inserção na tabela upload_manual.gdvdespesasexcel concluída!
[2024-06-25T19:07:06.031+0000] {docker.py:436} INFO - 2024-06-25 19:07:06,030 [INFO] gdvDespesasExcel ingestion: Done.
[2024-06-25T19:07:10.264+0000] {taskinstance.py:441} INFO - ::group::Post task execution logs
[2024-06-25T19:07:10.319+0000] {taskinstance.py:1206} INFO - Marking task as SUCCESS. dag_id=sp_budget_pipeline, task_id=ingestion-gdvDespesasExcel, run_id=manual__2024-06-25T19:06:43.005940+00:00, execution_date=20240625T190643, start_date=20240625T190646, end_date=20240625T190710
[2024-06-25T19:07:10.381+0000] {local_task_job_runner.py:240} INFO - Task exited with return code 0
[2024-06-25T19:07:10.391+0000] {local_task_job_runner.py:222} INFO - ::endgroup::
