[2024-06-25T23:00:04.923+0000] {local_task_job_runner.py:120} INFO - ::group::Pre task execution logs
[2024-06-25T23:00:04.952+0000] {taskinstance.py:2076} INFO - Dependencies all met for dep_context=non-requeueable deps ti=<TaskInstance: sp_budget_pipeline.app-sp_budget manual__2024-06-25T22:59:44.922542+00:00 [queued]>
[2024-06-25T23:00:04.961+0000] {taskinstance.py:2076} INFO - Dependencies all met for dep_context=requeueable deps ti=<TaskInstance: sp_budget_pipeline.app-sp_budget manual__2024-06-25T22:59:44.922542+00:00 [queued]>
[2024-06-25T23:00:04.961+0000] {taskinstance.py:2306} INFO - Starting attempt 1 of 2
[2024-06-25T23:00:04.996+0000] {taskinstance.py:2330} INFO - Executing <Task(DockerOperator): app-sp_budget> on 2024-06-25 22:59:44.922542+00:00
[2024-06-25T23:00:05.002+0000] {warnings.py:112} WARNING - /home/***/.local/lib/python3.12/site-packages/***/task/task_runner/standard_task_runner.py:61: DeprecationWarning: This process (pid=324) is multi-threaded, use of fork() may lead to deadlocks in the child.
  pid = os.fork()

[2024-06-25T23:00:05.003+0000] {standard_task_runner.py:63} INFO - Started process 325 to run task
[2024-06-25T23:00:05.003+0000] {standard_task_runner.py:90} INFO - Running: ['***', 'tasks', 'run', 'sp_budget_pipeline', 'app-sp_budget', 'manual__2024-06-25T22:59:44.922542+00:00', '--job-id', '29', '--raw', '--subdir', 'DAGS_FOLDER/sp_budget_pipeline.py', '--cfg-path', '/tmp/tmp8v2ygp9g']
[2024-06-25T23:00:05.004+0000] {standard_task_runner.py:91} INFO - Job 29: Subtask app-sp_budget
[2024-06-25T23:00:05.063+0000] {task_command.py:426} INFO - Running <TaskInstance: sp_budget_pipeline.app-sp_budget manual__2024-06-25T22:59:44.922542+00:00 [running]> on host 257b93314acf
[2024-06-25T23:00:05.201+0000] {taskinstance.py:2648} INFO - Exporting env vars: AIRFLOW_CTX_DAG_EMAIL='***@***.com' AIRFLOW_CTX_DAG_OWNER='engenharia-dados' AIRFLOW_CTX_DAG_ID='sp_budget_pipeline' AIRFLOW_CTX_TASK_ID='app-sp_budget' AIRFLOW_CTX_EXECUTION_DATE='2024-06-25T22:59:44.922542+00:00' AIRFLOW_CTX_TRY_NUMBER='1' AIRFLOW_CTX_DAG_RUN_ID='manual__2024-06-25T22:59:44.922542+00:00'
[2024-06-25T23:00:05.202+0000] {taskinstance.py:430} INFO - ::endgroup::
[2024-06-25T23:00:05.228+0000] {docker.py:366} INFO - Starting docker container from image etl-engine:latest
[2024-06-25T23:00:05.230+0000] {docker.py:374} WARNING - Using remote engine or docker-in-docker and mounting temporary volume from host is not supported. Falling back to `mount_tmp_dir=False` mode. You can set `mount_tmp_dir` parameter to False to disable mounting and remove the warning
[2024-06-25T23:00:08.618+0000] {docker.py:436} INFO - 2024-06-25 23:00:08,617 [INFO] sp_budget app: Starting....
[2024-06-25T23:00:08.618+0000] {docker.py:436} INFO - 2024-06-25 23:00:08,617 [INFO] PROJECT_ID: homologation-310718 - CLIENT_EMAIL: datalake-hml@homologation-310718.iam.gserviceaccount.com
[2024-06-25T23:00:08.619+0000] {docker.py:436} INFO - 2024-06-25 23:00:08,619 [INFO] Reading data from table sp_budget.raw_gdvdespesasexcel.
[2024-06-25T23:00:10.521+0000] {docker.py:436} INFO - 2024-06-25 23:00:10,520 [INFO] Reading data from table sp_budget.raw_gdvreceitasexcel.
[2024-06-25T23:00:12.249+0000] {docker.py:436} INFO - 2024-06-25 23:00:12,249 [INFO] _enforce_schema
2024-06-25 23:00:12,249 [INFO] _read_schema
[2024-06-25T23:00:12.251+0000] {docker.py:436} INFO - 2024-06-25 23:00:12,251 [INFO] Running insert on table sp_budget.app_sp_budget.
[2024-06-25T23:00:16.826+0000] {docker.py:436} INFO - 2024-06-25 23:00:16,825 [INFO] Insert on table sp_budget.app_sp_budget finished!
[2024-06-25T23:00:16.828+0000] {docker.py:436} INFO - 2024-06-25 23:00:16,826 [INFO] sp_budget app: Done.
[2024-06-25T23:00:18.924+0000] {taskinstance.py:441} INFO - ::group::Post task execution logs
[2024-06-25T23:00:19.001+0000] {taskinstance.py:1206} INFO - Marking task as SUCCESS. dag_id=sp_budget_pipeline, task_id=app-sp_budget, run_id=manual__2024-06-25T22:59:44.922542+00:00, execution_date=20240625T225944, start_date=20240625T230004, end_date=20240625T230019
[2024-06-25T23:00:19.076+0000] {local_task_job_runner.py:240} INFO - Task exited with return code 0
[2024-06-25T23:00:19.119+0000] {taskinstance.py:3503} INFO - 0 downstream tasks scheduled from follow-on schedule check
[2024-06-25T23:00:19.149+0000] {local_task_job_runner.py:222} INFO - ::endgroup::
